{
  "RSpec": {
    "coverage": {
      "D:/Labs/labsRuby/WebProject/app.rb": [
        null,
        null,
        1,
        1,
        1,
        1,
        1,
        1,
        1,
        null,
        1,
        1,
        null,
        null,
        1,
        17,
        17,
        null,
        null,
        1,
        5,
        5,
        null,
        null,
        1,
        3,
        null,
        null,
        1,
        3,
        3,
        3,
        3,
        3,
        3,
        2,
        2,
        null,
        1,
        null,
        null,
        null,
        1,
        2,
        null,
        null,
        1,
        2,
        2,
        1,
        1,
        null,
        1,
        null,
        null,
        null,
        1,
        2,
        2,
        null,
        null,
        1,
        2,
        2,
        2,
        1,
        1,
        1,
        null,
        1,
        null,
        null,
        null,
        1,
        2,
        null,
        null,
        1,
        2,
        2,
        14,
        1,
        null,
        null,
        2,
        1,
        1,
        null,
        1,
        null,
        null,
        null,
        1,
        2,
        null,
        null,
        1,
        2,
        2,
        1,
        1,
        null,
        1,
        null,
        null,
        null,
        1,
        1,
        1,
        null,
        null,
        1,
        2,
        null,
        null,
        1,
        2,
        2,
        1,
        1,
        null,
        1,
        1,
        null,
        null,
        null,
        1,
        1,
        1,
        1,
        null,
        null,
        1,
        2,
        null,
        null,
        1,
        2,
        2,
        2,
        2,
        null
      ],
      "D:/Labs/labsRuby/WebProject/lib/utility_bill.rb": [
        null,
        null,
        null,
        1,
        1,
        1,
        9,
        9,
        9,
        9,
        9,
        9,
        9,
        null,
        null,
        1,
        3,
        3,
        null,
        null,
        1,
        3,
        null,
        null,
        1,
        null,
        null,
        null,
        1,
        3,
        3,
        null,
        null
      ],
      "D:/Labs/labsRuby/WebProject/lib/utility_bill_data_base.rb": [
        null,
        null,
        1,
        null,
        null,
        1,
        1,
        3,
        null,
        null,
        1,
        10,
        null,
        null,
        1,
        5,
        null,
        null,
        1,
        3,
        null,
        null,
        1,
        3,
        null,
        null,
        1,
        191,
        null,
        null,
        1,
        80,
        null,
        null,
        1,
        26,
        null,
        null,
        1,
        2,
        null,
        null,
        1,
        2,
        2,
        14,
        1,
        null,
        null,
        2,
        null,
        null,
        1,
        1,
        1,
        7,
        7,
        17,
        4,
        null,
        null,
        7,
        null,
        7,
        null,
        null
      ],
      "D:/Labs/labsRuby/WebProject/lib/person.rb": [
        null,
        null,
        null,
        1,
        1,
        1,
        9,
        9,
        9,
        null,
        null,
        1,
        3,
        null,
        null,
        1,
        114,
        null,
        null
      ],
      "D:/Labs/labsRuby/WebProject/lib/address.rb": [
        null,
        null,
        null,
        1,
        1,
        1,
        9,
        9,
        9,
        9,
        null,
        null
      ],
      "D:/Labs/labsRuby/WebProject/lib/command.rb": [
        null,
        null,
        1,
        1,
        1,
        1,
        null,
        null,
        1,
        1,
        2,
        2,
        15,
        2,
        null,
        null,
        2,
        2,
        null,
        2,
        null,
        null,
        1,
        2,
        2,
        null,
        1,
        1,
        2,
        null,
        1,
        1,
        1,
        null,
        1,
        null,
        null,
        1,
        1,
        1,
        7,
        7,
        12,
        null,
        7,
        null,
        1,
        null,
        null,
        1,
        1,
        1,
        7,
        null,
        1,
        null,
        null,
        1,
        1,
        1,
        7,
        null,
        1,
        null,
        null,
        1,
        2,
        2,
        14,
        14,
        14,
        null,
        2,
        2,
        6,
        null,
        2,
        null,
        null,
        1,
        1,
        1,
        1,
        7,
        3,
        3,
        null,
        null,
        1,
        null,
        null,
        1,
        1,
        1,
        1,
        1,
        1,
        1,
        1,
        null,
        null,
        1,
        2,
        2,
        14,
        14,
        24,
        null,
        14,
        14,
        null,
        2,
        1,
        4,
        null,
        null,
        2,
        null,
        null
      ],
      "D:/Labs/labsRuby/WebProject/lib/input.rb": [
        null,
        null,
        1,
        1,
        1,
        1,
        1,
        null,
        1,
        1,
        1,
        1,
        1,
        1,
        1,
        6,
        6,
        6,
        6,
        6,
        6,
        6,
        null,
        1,
        null,
        null
      ]
    },
    "timestamp": 1560514337
  }
}
