{
  "RSpec": {
    "coverage": {
      "D:/labsRuby/WebProject/app.rb": [
        null,
        null,
        1,
        1,
        1,
        1,
        1,
        1,
        1,
        null,
        1,
        1,
        null,
        null,
        1,
        32,
        32,
        null,
        null,
        1,
        9,
        9,
        null,
        null,
        1,
        5,
        null,
        null,
        1,
        5,
        5,
        5,
        5,
        5,
        5,
        3,
        3,
        null,
        2,
        null,
        null,
        null,
        1,
        4,
        null,
        null,
        1,
        4,
        4,
        2,
        2,
        null,
        2,
        null,
        null,
        null,
        1,
        4,
        4,
        null,
        null,
        1,
        4,
        4,
        4,
        2,
        2,
        2,
        null,
        2,
        null,
        null,
        null,
        1,
        4,
        null,
        null,
        1,
        4,
        4,
        21,
        2,
        null,
        null,
        4,
        2,
        2,
        null,
        2,
        null,
        null,
        null,
        1,
        4,
        null,
        null,
        1,
        4,
        4,
        2,
        2,
        null,
        2,
        null,
        null,
        null,
        1,
        2,
        2,
        null,
        null,
        1,
        4,
        null,
        null,
        1,
        4,
        4,
        2,
        2,
        null,
        2,
        2,
        null,
        null,
        null,
        1,
        2,
        2,
        2,
        null,
        null,
        1,
        4,
        null,
        null,
        1,
        4,
        4,
        4,
        4,
        null
      ],
      "D:/labsRuby/WebProject/lib/utility_bill.rb": [
        null,
        null,
        null,
        1,
        1,
        1,
        11,
        11,
        11,
        11,
        11,
        11,
        11,
        null,
        null,
        1,
        5,
        5,
        null,
        null,
        1,
        5,
        null,
        null,
        2,
        null,
        null,
        null,
        1,
        5,
        5,
        null,
        null
      ],
      "D:/labsRuby/WebProject/lib/utility_bill_data_base.rb": [
        null,
        null,
        1,
        null,
        null,
        1,
        1,
        5,
        null,
        null,
        1,
        13,
        null,
        null,
        1,
        10,
        null,
        null,
        1,
        6,
        null,
        null,
        1,
        6,
        null,
        null,
        1,
        294,
        null,
        null,
        1,
        121,
        null,
        null,
        1,
        49,
        null,
        null,
        1,
        4,
        null,
        null,
        1,
        4,
        4,
        24,
        5,
        null,
        null,
        4,
        null,
        null,
        1,
        2,
        2,
        11,
        11,
        25,
        6,
        null,
        null,
        11,
        null,
        13,
        null,
        null
      ],
      "D:/labsRuby/WebProject/lib/person.rb": [
        null,
        null,
        null,
        1,
        1,
        1,
        11,
        11,
        11,
        null,
        null,
        1,
        5,
        null,
        null,
        1,
        146,
        null,
        null
      ],
      "D:/labsRuby/WebProject/lib/address.rb": [
        null,
        null,
        null,
        1,
        1,
        1,
        11,
        11,
        11,
        11,
        null,
        null
      ],
      "D:/labsRuby/WebProject/lib/command.rb": [
        null,
        null,
        1,
        1,
        1,
        1,
        null,
        null,
        1,
        1,
        4,
        4,
        23,
        4,
        null,
        null,
        4,
        4,
        null,
        4,
        null,
        null,
        1,
        4,
        4,
        null,
        2,
        2,
        4,
        null,
        2,
        2,
        2,
        null,
        2,
        null,
        null,
        1,
        2,
        2,
        10,
        10,
        14,
        null,
        10,
        null,
        2,
        null,
        null,
        1,
        2,
        2,
        10,
        null,
        2,
        null,
        null,
        1,
        2,
        2,
        10,
        null,
        2,
        null,
        null,
        1,
        4,
        4,
        20,
        20,
        20,
        null,
        4,
        4,
        12,
        null,
        4,
        null,
        null,
        1,
        2,
        2,
        2,
        10,
        5,
        5,
        null,
        null,
        2,
        null,
        null,
        1,
        2,
        2,
        2,
        2,
        2,
        2,
        2,
        null,
        null,
        1,
        4,
        4,
        20,
        20,
        28,
        null,
        20,
        20,
        null,
        4,
        2,
        6,
        null,
        null,
        4,
        null,
        null
      ],
      "D:/labsRuby/WebProject/lib/input.rb": [
        null,
        null,
        1,
        1,
        1,
        1,
        1,
        null,
        1,
        1,
        1,
        1,
        1,
        1,
        1,
        6,
        6,
        6,
        6,
        6,
        6,
        6,
        null,
        1,
        null,
        null
      ]
    },
    "timestamp": 1560616257
  }
}
