{
  "RSpec": {
    "coverage": {
      "D:/labsRuby/WebProject/app.rb": [
        null,
        null,
        1,
        1,
        1,
        1,
        1,
        1,
        1,
        null,
        1,
        1,
        null,
        null,
        1,
        16,
        16,
        null,
        null,
        1,
        5,
        5,
        null,
        null,
        1,
        4,
        null,
        null,
        1,
        4,
        4,
        4,
        4,
        4,
        4,
        4,
        2,
        2,
        null,
        2,
        null,
        null,
        null,
        1,
        2,
        null,
        null,
        1,
        2,
        2,
        1,
        1,
        null,
        1,
        null,
        null,
        null,
        1,
        2,
        2,
        null,
        null,
        1,
        2,
        2,
        2,
        1,
        1,
        1,
        null,
        1,
        null,
        null,
        null,
        1,
        2,
        null,
        null,
        1,
        2,
        2,
        12,
        4,
        null,
        null,
        2,
        1,
        1,
        null,
        1,
        null,
        null,
        null,
        1,
        2,
        null,
        null,
        1,
        2,
        2,
        1,
        1,
        null,
        1,
        null,
        null,
        null,
        1,
        1,
        1,
        null,
        null,
        1,
        2,
        null,
        null,
        1,
        2,
        2,
        1,
        1,
        null,
        1,
        1,
        null,
        null,
        null,
        1,
        1,
        1,
        1,
        null,
        null,
        1,
        2,
        null,
        null,
        1,
        2,
        2,
        2,
        2,
        null
      ],
      "D:/labsRuby/WebProject/lib/utility_bill.rb": [
        null,
        null,
        null,
        1,
        1,
        1,
        10,
        10,
        10,
        10,
        10,
        10,
        10,
        null,
        null,
        1,
        4,
        4,
        null,
        null,
        1,
        4,
        null,
        null,
        1,
        null,
        null,
        null,
        1,
        4,
        4,
        null,
        null
      ],
      "D:/labsRuby/WebProject/lib/utility_bill_data_base.rb": [
        null,
        null,
        1,
        null,
        null,
        1,
        1,
        3,
        null,
        null,
        1,
        13,
        null,
        null,
        1,
        5,
        null,
        null,
        1,
        3,
        null,
        null,
        1,
        4,
        null,
        null,
        1,
        173,
        null,
        null,
        1,
        77,
        null,
        null,
        1,
        25,
        null,
        null,
        1,
        4,
        4,
        27,
        1,
        null,
        null,
        4,
        null,
        null,
        1,
        3,
        null,
        null,
        1,
        2,
        2,
        11,
        4,
        null,
        null,
        2,
        null,
        null,
        1,
        1,
        1,
        6,
        6,
        12,
        4,
        null,
        null,
        6,
        null,
        6,
        null,
        null
      ],
      "D:/labsRuby/WebProject/lib/person.rb": [
        null,
        null,
        null,
        1,
        1,
        1,
        10,
        10,
        10,
        null,
        null,
        1,
        4,
        null,
        null,
        1,
        148,
        null,
        null
      ],
      "D:/labsRuby/WebProject/lib/address.rb": [
        null,
        null,
        null,
        1,
        1,
        1,
        10,
        10,
        10,
        10,
        null,
        null,
        1,
        10,
        null,
        null
      ],
      "D:/labsRuby/WebProject/lib/command.rb": [
        null,
        null,
        1,
        1,
        1,
        1,
        null,
        null,
        1,
        1,
        2,
        2,
        14,
        5,
        null,
        null,
        2,
        3,
        null,
        2,
        null,
        null,
        1,
        2,
        2,
        null,
        1,
        1,
        3,
        null,
        2,
        2,
        2,
        null,
        1,
        null,
        null,
        1,
        1,
        1,
        7,
        7,
        12,
        null,
        7,
        null,
        1,
        null,
        null,
        1,
        1,
        1,
        7,
        null,
        1,
        null,
        null,
        1,
        1,
        1,
        7,
        null,
        1,
        null,
        null,
        1,
        2,
        2,
        14,
        14,
        14,
        null,
        2,
        2,
        6,
        null,
        2,
        null,
        null,
        1,
        1,
        1,
        1,
        7,
        3,
        3,
        null,
        null,
        1,
        null,
        null,
        1,
        1,
        1,
        1,
        1,
        1,
        1,
        1,
        null,
        null,
        1,
        2,
        2,
        13,
        13,
        21,
        null,
        13,
        13,
        null,
        2,
        1,
        2,
        null,
        null,
        2,
        null,
        null
      ],
      "D:/labsRuby/WebProject/lib/input.rb": [
        null,
        null,
        1,
        1,
        1,
        1,
        1,
        null,
        1,
        1,
        1,
        1,
        1,
        1,
        1,
        6,
        6,
        6,
        6,
        6,
        6,
        6,
        null,
        1,
        null,
        null
      ]
    },
    "timestamp": 1561056977
  }
}
